<?xml version="1.0" encoding="UTF-8"?>
<!-- Generated by org.testng.reporters.JUnitReportReporter -->
<testsuite hostname="LAPTOP-J6JSJEKO" failures="0" tests="1" name="mavenselenium.Mavenjava.SeleniumTest" time="0.002" errors="0" timestamp="2021-08-06T12:05:16 IST" skipped="0">
  <testcase classname="mavenselenium.Mavenjava.SeleniumTest" name="SeleniumTesting" time="0.002"/>
  <system-out/>
</testsuite> <!-- mavenselenium.Mavenjava.SeleniumTest -->
