<?xml version="1.0" encoding="UTF-8"?>
<!-- Generated by org.testng.reporters.JUnitReportReporter -->
<testsuite hostname="LAPTOP-J6JSJEKO" failures="0" tests="1" name="mavenselenium.Mavenjava.RestAssuredTest" time="0.008" errors="0" timestamp="2021-08-06T12:05:16 IST" skipped="0">
  <testcase classname="mavenselenium.Mavenjava.RestAssuredTest" name="RestTesting" time="0.008"/>
  <system-out/>
</testsuite> <!-- mavenselenium.Mavenjava.RestAssuredTest -->
