<?xml version="1.0" encoding="UTF-8"?>
<!-- Generated by org.testng.reporters.JUnitReportReporter -->
<testsuite hostname="LAPTOP-J6JSJEKO" failures="0" tests="1" name="mavenselenium.Mavenjava.AppiumTest" time="0.000" errors="0" timestamp="2021-08-06T20:40:50 IST" skipped="0">
  <testcase classname="mavenselenium.Mavenjava.AppiumTest" name="Appium" time="0.000"/>
  <system-out/>
</testsuite> <!-- mavenselenium.Mavenjava.AppiumTest -->
